Starting SellApplication on LAPTOP-0GL3T8P4 with PID 9228 (F:\repository_git\sell\target\classes started by Lenovo in F:\repository_git\sell)
No active profile set, falling back to default profiles: default
Refreshing org.springframework.boot.context.embedded.AnnotationConfigEmbeddedWebApplicationContext@d35dea7: startup date [Fri Apr 13 14:26:24 CST 2018]; root of context hierarchy
HV000001: Hibernate Validator 5.3.5.Final
Multiple Spring Data modules found, entering strict repository configuration mode!
Multiple Spring Data modules found, entering strict repository configuration mode!
Spring Data Redis - Could not safely identify store assignment for repository candidate interface pers.hdh.sell.dao.ProductCategoryRepository.
Spring Data Redis - Could not safely identify store assignment for repository candidate interface pers.hdh.sell.dao.SellerInfoRepository.
Spring Data Redis - Could not safely identify store assignment for repository candidate interface pers.hdh.sell.dao.ProductInfoRepository.
Spring Data Redis - Could not safely identify store assignment for repository candidate interface pers.hdh.sell.dao.OrderMasterRepository.
Spring Data Redis - Could not safely identify store assignment for repository candidate interface pers.hdh.sell.dao.OrderDetailRepository.
JSR-330 'javax.inject.Inject' annotation found and supported for autowiring
Tomcat initialized with port(s): 8080 (http)
Starting service Tomcat
Starting Servlet Engine: Apache Tomcat/8.5.14
Initializing Spring embedded WebApplicationContext
Root WebApplicationContext: initialization completed in 3705 ms
Mapping servlet: 'dispatcherServlet' to [/]
Mapping filter: 'characterEncodingFilter' to: [/*]
Mapping filter: 'hiddenHttpMethodFilter' to: [/*]
Mapping filter: 'httpPutFormContentFilter' to: [/*]
Mapping filter: 'requestContextFilter' to: [/*]
Building JPA container EntityManagerFactory for persistence unit 'default'
HHH000204: Processing PersistenceUnitInfo [
	name: default
	...]
HHH000412: Hibernate Core {5.0.12.Final}
HHH000206: hibernate.properties not found
HHH000021: Bytecode provider name : javassist
HCANN000001: Hibernate Commons Annotations {5.0.1.Final}
HHH000400: Using dialect: org.hibernate.dialect.MySQL5Dialect
Initialized JPA EntityManagerFactory for persistence unit 'default'
Exception encountered during context initialization - cancelling refresh attempt: org.springframework.beans.factory.UnsatisfiedDependencyException: Error creating bean with name 'secKillController': Unsatisfied dependency expressed through field 'secKillService'; nested exception is org.springframework.beans.factory.NoSuchBeanDefinitionException: No qualifying bean of type 'pers.hdh.sell.service.SecKillService' available: expected at least 1 bean which qualifies as autowire candidate. Dependency annotations: {@org.springframework.beans.factory.annotation.Autowired(required=true)}
Closing JPA EntityManagerFactory for persistence unit 'default'
Stopping service Tomcat


Error starting ApplicationContext. To display the auto-configuration report re-run your application with 'debug' enabled.
Starting SellApplication on LAPTOP-0GL3T8P4 with PID 3532 (F:\repository_git\sell\target\classes started by Lenovo in F:\repository_git\sell)
No active profile set, falling back to default profiles: default
Refreshing org.springframework.boot.context.embedded.AnnotationConfigEmbeddedWebApplicationContext@d35dea7: startup date [Fri Apr 13 14:27:14 CST 2018]; root of context hierarchy
HV000001: Hibernate Validator 5.3.5.Final
Multiple Spring Data modules found, entering strict repository configuration mode!
Multiple Spring Data modules found, entering strict repository configuration mode!
Spring Data Redis - Could not safely identify store assignment for repository candidate interface pers.hdh.sell.dao.ProductCategoryRepository.
Spring Data Redis - Could not safely identify store assignment for repository candidate interface pers.hdh.sell.dao.SellerInfoRepository.
Spring Data Redis - Could not safely identify store assignment for repository candidate interface pers.hdh.sell.dao.ProductInfoRepository.
Spring Data Redis - Could not safely identify store assignment for repository candidate interface pers.hdh.sell.dao.OrderMasterRepository.
Spring Data Redis - Could not safely identify store assignment for repository candidate interface pers.hdh.sell.dao.OrderDetailRepository.
JSR-330 'javax.inject.Inject' annotation found and supported for autowiring
Tomcat initialized with port(s): 8080 (http)
Starting service Tomcat
Starting Servlet Engine: Apache Tomcat/8.5.14
Initializing Spring embedded WebApplicationContext
Root WebApplicationContext: initialization completed in 1843 ms
Mapping servlet: 'dispatcherServlet' to [/]
Mapping filter: 'characterEncodingFilter' to: [/*]
Mapping filter: 'hiddenHttpMethodFilter' to: [/*]
Mapping filter: 'httpPutFormContentFilter' to: [/*]
Mapping filter: 'requestContextFilter' to: [/*]
Building JPA container EntityManagerFactory for persistence unit 'default'
HHH000204: Processing PersistenceUnitInfo [
	name: default
	...]
HHH000412: Hibernate Core {5.0.12.Final}
HHH000206: hibernate.properties not found
HHH000021: Bytecode provider name : javassist
HCANN000001: Hibernate Commons Annotations {5.0.1.Final}
HHH000400: Using dialect: org.hibernate.dialect.MySQL5Dialect
Initialized JPA EntityManagerFactory for persistence unit 'default'
Looking for @ControllerAdvice: org.springframework.boot.context.embedded.AnnotationConfigEmbeddedWebApplicationContext@d35dea7: startup date [Fri Apr 13 14:27:14 CST 2018]; root of context hierarchy
Mapped "{[/buyer/order/create],methods=[POST]}" onto public pers.hdh.sell.vo.ResultVo<java.util.Map<java.lang.String, java.lang.String>> pers.hdh.sell.controller.BuyerOrderController.create(pers.hdh.sell.form.OrderForm,org.springframework.validation.BindingResult)
Mapped "{[/buyer/order/list],methods=[GET]}" onto public pers.hdh.sell.vo.ResultVo<java.util.List<pers.hdh.sell.dto.OrderDto>> pers.hdh.sell.controller.BuyerOrderController.list(java.lang.String,java.lang.Integer,java.lang.Integer)
Mapped "{[/buyer/order/cancel],methods=[POST]}" onto public pers.hdh.sell.vo.ResultVo pers.hdh.sell.controller.BuyerOrderController.cancel(java.lang.String,java.lang.String)
Mapped "{[/buyer/order/detail],methods=[GET]}" onto public pers.hdh.sell.vo.ResultVo<pers.hdh.sell.dto.OrderDto> pers.hdh.sell.controller.BuyerOrderController.detail(java.lang.String,java.lang.String)
Mapped "{[/buyer/product/list],methods=[GET]}" onto public pers.hdh.sell.vo.ResultVo pers.hdh.sell.controller.BuyerProductController.list()
Mapped "{[/pay/notify],methods=[POST]}" onto public org.springframework.web.servlet.ModelAndView pers.hdh.sell.controller.PayController.notify(java.lang.String)
Mapped "{[/pay/create],methods=[GET]}" onto public org.springframework.web.servlet.ModelAndView pers.hdh.sell.controller.PayController.create(java.lang.String,java.lang.String,java.util.Map<java.lang.String, java.lang.Object>)
Mapped "{[/seller/category/index],methods=[GET]}" onto public org.springframework.web.servlet.ModelAndView pers.hdh.sell.controller.SellerCategoryController.index(java.lang.Integer,java.util.Map<java.lang.String, java.lang.Object>)
Mapped "{[/seller/category/list],methods=[GET]}" onto public org.springframework.web.servlet.ModelAndView pers.hdh.sell.controller.SellerCategoryController.list(java.util.Map<java.lang.String, java.lang.Object>)
Mapped "{[/seller/category/save],methods=[POST]}" onto public org.springframework.web.servlet.ModelAndView pers.hdh.sell.controller.SellerCategoryController.save(pers.hdh.sell.form.CategoryForm,org.springframework.validation.BindingResult,java.util.Map<java.lang.String, java.lang.Object>)
Mapped "{[/seller/order/list],methods=[GET]}" onto public org.springframework.web.servlet.ModelAndView pers.hdh.sell.controller.SellerOrderController.list(java.lang.Integer,java.lang.Integer,java.util.Map<java.lang.String, java.lang.Object>)
Mapped "{[/seller/order/cancel],methods=[GET]}" onto public org.springframework.web.servlet.ModelAndView pers.hdh.sell.controller.SellerOrderController.cancel(java.lang.String,java.util.Map<java.lang.String, java.lang.Object>)
Mapped "{[/seller/order/detail],methods=[GET]}" onto public org.springframework.web.servlet.ModelAndView pers.hdh.sell.controller.SellerOrderController.detail(java.lang.String,java.util.Map<java.lang.String, java.lang.Object>)
Mapped "{[/seller/order/finish],methods=[GET]}" onto public org.springframework.web.servlet.ModelAndView pers.hdh.sell.controller.SellerOrderController.finish(java.lang.String,java.util.Map<java.lang.String, java.lang.Object>)
Mapped "{[/seller/product/index],methods=[GET]}" onto public org.springframework.web.servlet.ModelAndView pers.hdh.sell.controller.SellerProductController.index(java.lang.String,java.util.Map<java.lang.String, java.lang.Object>)
Mapped "{[/seller/product/list],methods=[GET]}" onto public org.springframework.web.servlet.ModelAndView pers.hdh.sell.controller.SellerProductController.list(java.lang.Integer,java.lang.Integer,java.util.Map<java.lang.String, java.lang.Object>)
Mapped "{[/seller/product/save],methods=[POST]}" onto public org.springframework.web.servlet.ModelAndView pers.hdh.sell.controller.SellerProductController.save(pers.hdh.sell.form.ProductFrom,org.springframework.validation.BindingResult,java.util.Map<java.lang.String, java.lang.Object>)
Mapped "{[/seller/product/off_sale],methods=[GET]}" onto public org.springframework.web.servlet.ModelAndView pers.hdh.sell.controller.SellerProductController.offSale(java.lang.String,java.util.Map<java.lang.String, java.lang.Object>)
Mapped "{[/seller/product/on_sale],methods=[GET]}" onto public org.springframework.web.servlet.ModelAndView pers.hdh.sell.controller.SellerProductController.onSale(java.lang.String,java.util.Map<java.lang.String, java.lang.Object>)
Mapped "{[/seller/logout],methods=[GET]}" onto public org.springframework.web.servlet.ModelAndView pers.hdh.sell.controller.SellerUserController.logout(javax.servlet.http.HttpServletResponse,javax.servlet.http.HttpServletRequest,java.util.Map<java.lang.String, java.lang.Object>)
Mapped "{[/seller/login],methods=[GET]}" onto public org.springframework.web.servlet.ModelAndView pers.hdh.sell.controller.SellerUserController.login(java.lang.String,java.util.Map<java.lang.String, java.lang.Object>,javax.servlet.http.HttpServletResponse)
Mapped "{[/wechat/userInfo],methods=[GET]}" onto public java.lang.String pers.hdh.sell.controller.WechatController.userInfo(java.lang.String,java.lang.String)
Mapped "{[/wechat/qrUserInfo],methods=[GET]}" onto public java.lang.String pers.hdh.sell.controller.WechatController.qrUserInfo(java.lang.String,java.lang.String)
Mapped "{[/wechat/authorize],methods=[GET]}" onto public java.lang.String pers.hdh.sell.controller.WechatController.authorize(java.lang.String)
Mapped "{[/wechat/qrAuthorize],methods=[GET]}" onto public java.lang.String pers.hdh.sell.controller.WechatController.qrAuthorize(java.lang.String)
Mapped "{[/weixin/auth],methods=[GET]}" onto public void pers.hdh.sell.controller.WeixinController.auth(java.lang.String)
Mapped "{[/error]}" onto public org.springframework.http.ResponseEntity<java.util.Map<java.lang.String, java.lang.Object>> org.springframework.boot.autoconfigure.web.BasicErrorController.error(javax.servlet.http.HttpServletRequest)
Mapped "{[/error],produces=[text/html]}" onto public org.springframework.web.servlet.ModelAndView org.springframework.boot.autoconfigure.web.BasicErrorController.errorHtml(javax.servlet.http.HttpServletRequest,javax.servlet.http.HttpServletResponse)
Mapped URL path [/webjars/**] onto handler of type [class org.springframework.web.servlet.resource.ResourceHttpRequestHandler]
Mapped URL path [/**] onto handler of type [class org.springframework.web.servlet.resource.ResourceHttpRequestHandler]
Detected @ExceptionHandler methods in sellExceptionHandler
Mapped URL path [/**/favicon.ico] onto handler of type [class org.springframework.web.servlet.resource.ResourceHttpRequestHandler]
ClassTemplateLoader for Spring macros added to FreeMarker configuration
Registering beans for JMX exposure on startup
Initializing ProtocolHandler ["http-nio-8080"]
Starting ProtocolHandler ["http-nio-8080"]
Using a shared selector for servlet write/read
Tomcat started on port(s): 8080 (http)
Started SellApplication in 6.262 seconds (JVM running for 7.189)
Starting SellApplication on LAPTOP-0GL3T8P4 with PID 15704 (F:\repository_git\sell\target\classes started by Lenovo in F:\repository_git\sell)
No active profile set, falling back to default profiles: default
Refreshing org.springframework.boot.context.embedded.AnnotationConfigEmbeddedWebApplicationContext@d35dea7: startup date [Fri Apr 13 14:28:55 CST 2018]; root of context hierarchy
HV000001: Hibernate Validator 5.3.5.Final
Multiple Spring Data modules found, entering strict repository configuration mode!
Multiple Spring Data modules found, entering strict repository configuration mode!
Spring Data Redis - Could not safely identify store assignment for repository candidate interface pers.hdh.sell.dao.ProductCategoryRepository.
Spring Data Redis - Could not safely identify store assignment for repository candidate interface pers.hdh.sell.dao.SellerInfoRepository.
Spring Data Redis - Could not safely identify store assignment for repository candidate interface pers.hdh.sell.dao.ProductInfoRepository.
Spring Data Redis - Could not safely identify store assignment for repository candidate interface pers.hdh.sell.dao.OrderMasterRepository.
Spring Data Redis - Could not safely identify store assignment for repository candidate interface pers.hdh.sell.dao.OrderDetailRepository.
JSR-330 'javax.inject.Inject' annotation found and supported for autowiring
Tomcat initialized with port(s): 8080 (http)
Starting service Tomcat
Starting Servlet Engine: Apache Tomcat/8.5.14
Initializing Spring embedded WebApplicationContext
Root WebApplicationContext: initialization completed in 1887 ms
Mapping servlet: 'dispatcherServlet' to [/]
Mapping filter: 'characterEncodingFilter' to: [/*]
Mapping filter: 'hiddenHttpMethodFilter' to: [/*]
Mapping filter: 'httpPutFormContentFilter' to: [/*]
Mapping filter: 'requestContextFilter' to: [/*]
Building JPA container EntityManagerFactory for persistence unit 'default'
HHH000204: Processing PersistenceUnitInfo [
	name: default
	...]
HHH000412: Hibernate Core {5.0.12.Final}
HHH000206: hibernate.properties not found
HHH000021: Bytecode provider name : javassist
HCANN000001: Hibernate Commons Annotations {5.0.1.Final}
HHH000400: Using dialect: org.hibernate.dialect.MySQL5Dialect
Initialized JPA EntityManagerFactory for persistence unit 'default'
Looking for @ControllerAdvice: org.springframework.boot.context.embedded.AnnotationConfigEmbeddedWebApplicationContext@d35dea7: startup date [Fri Apr 13 14:28:55 CST 2018]; root of context hierarchy
Mapped "{[/buyer/order/create],methods=[POST]}" onto public pers.hdh.sell.vo.ResultVo<java.util.Map<java.lang.String, java.lang.String>> pers.hdh.sell.controller.BuyerOrderController.create(pers.hdh.sell.form.OrderForm,org.springframework.validation.BindingResult)
Mapped "{[/buyer/order/list],methods=[GET]}" onto public pers.hdh.sell.vo.ResultVo<java.util.List<pers.hdh.sell.dto.OrderDto>> pers.hdh.sell.controller.BuyerOrderController.list(java.lang.String,java.lang.Integer,java.lang.Integer)
Mapped "{[/buyer/order/cancel],methods=[POST]}" onto public pers.hdh.sell.vo.ResultVo pers.hdh.sell.controller.BuyerOrderController.cancel(java.lang.String,java.lang.String)
Mapped "{[/buyer/order/detail],methods=[GET]}" onto public pers.hdh.sell.vo.ResultVo<pers.hdh.sell.dto.OrderDto> pers.hdh.sell.controller.BuyerOrderController.detail(java.lang.String,java.lang.String)
Mapped "{[/buyer/product/list],methods=[GET]}" onto public pers.hdh.sell.vo.ResultVo pers.hdh.sell.controller.BuyerProductController.list()
Mapped "{[/pay/notify],methods=[POST]}" onto public org.springframework.web.servlet.ModelAndView pers.hdh.sell.controller.PayController.notify(java.lang.String)
Mapped "{[/pay/create],methods=[GET]}" onto public org.springframework.web.servlet.ModelAndView pers.hdh.sell.controller.PayController.create(java.lang.String,java.lang.String,java.util.Map<java.lang.String, java.lang.Object>)
Mapped "{[/skill/query/{productId}],methods=[GET]}" onto public java.lang.String pers.hdh.sell.controller.SecKillController.query(java.lang.String) throws java.lang.Exception
Mapped "{[/skill/order/{productId}],methods=[GET]}" onto public java.lang.String pers.hdh.sell.controller.SecKillController.skill(java.lang.String) throws java.lang.Exception
Mapped "{[/seller/category/index],methods=[GET]}" onto public org.springframework.web.servlet.ModelAndView pers.hdh.sell.controller.SellerCategoryController.index(java.lang.Integer,java.util.Map<java.lang.String, java.lang.Object>)
Mapped "{[/seller/category/list],methods=[GET]}" onto public org.springframework.web.servlet.ModelAndView pers.hdh.sell.controller.SellerCategoryController.list(java.util.Map<java.lang.String, java.lang.Object>)
Mapped "{[/seller/category/save],methods=[POST]}" onto public org.springframework.web.servlet.ModelAndView pers.hdh.sell.controller.SellerCategoryController.save(pers.hdh.sell.form.CategoryForm,org.springframework.validation.BindingResult,java.util.Map<java.lang.String, java.lang.Object>)
Mapped "{[/seller/order/list],methods=[GET]}" onto public org.springframework.web.servlet.ModelAndView pers.hdh.sell.controller.SellerOrderController.list(java.lang.Integer,java.lang.Integer,java.util.Map<java.lang.String, java.lang.Object>)
Mapped "{[/seller/order/cancel],methods=[GET]}" onto public org.springframework.web.servlet.ModelAndView pers.hdh.sell.controller.SellerOrderController.cancel(java.lang.String,java.util.Map<java.lang.String, java.lang.Object>)
Mapped "{[/seller/order/finish],methods=[GET]}" onto public org.springframework.web.servlet.ModelAndView pers.hdh.sell.controller.SellerOrderController.finish(java.lang.String,java.util.Map<java.lang.String, java.lang.Object>)
Mapped "{[/seller/order/detail],methods=[GET]}" onto public org.springframework.web.servlet.ModelAndView pers.hdh.sell.controller.SellerOrderController.detail(java.lang.String,java.util.Map<java.lang.String, java.lang.Object>)
Mapped "{[/seller/product/index],methods=[GET]}" onto public org.springframework.web.servlet.ModelAndView pers.hdh.sell.controller.SellerProductController.index(java.lang.String,java.util.Map<java.lang.String, java.lang.Object>)
Mapped "{[/seller/product/list],methods=[GET]}" onto public org.springframework.web.servlet.ModelAndView pers.hdh.sell.controller.SellerProductController.list(java.lang.Integer,java.lang.Integer,java.util.Map<java.lang.String, java.lang.Object>)
Mapped "{[/seller/product/save],methods=[POST]}" onto public org.springframework.web.servlet.ModelAndView pers.hdh.sell.controller.SellerProductController.save(pers.hdh.sell.form.ProductFrom,org.springframework.validation.BindingResult,java.util.Map<java.lang.String, java.lang.Object>)
Mapped "{[/seller/product/on_sale],methods=[GET]}" onto public org.springframework.web.servlet.ModelAndView pers.hdh.sell.controller.SellerProductController.onSale(java.lang.String,java.util.Map<java.lang.String, java.lang.Object>)
Mapped "{[/seller/product/off_sale],methods=[GET]}" onto public org.springframework.web.servlet.ModelAndView pers.hdh.sell.controller.SellerProductController.offSale(java.lang.String,java.util.Map<java.lang.String, java.lang.Object>)
Mapped "{[/seller/login],methods=[GET]}" onto public org.springframework.web.servlet.ModelAndView pers.hdh.sell.controller.SellerUserController.login(java.lang.String,java.util.Map<java.lang.String, java.lang.Object>,javax.servlet.http.HttpServletResponse)
Mapped "{[/seller/logout],methods=[GET]}" onto public org.springframework.web.servlet.ModelAndView pers.hdh.sell.controller.SellerUserController.logout(javax.servlet.http.HttpServletResponse,javax.servlet.http.HttpServletRequest,java.util.Map<java.lang.String, java.lang.Object>)
Mapped "{[/wechat/userInfo],methods=[GET]}" onto public java.lang.String pers.hdh.sell.controller.WechatController.userInfo(java.lang.String,java.lang.String)
Mapped "{[/wechat/authorize],methods=[GET]}" onto public java.lang.String pers.hdh.sell.controller.WechatController.authorize(java.lang.String)
Mapped "{[/wechat/qrAuthorize],methods=[GET]}" onto public java.lang.String pers.hdh.sell.controller.WechatController.qrAuthorize(java.lang.String)
Mapped "{[/wechat/qrUserInfo],methods=[GET]}" onto public java.lang.String pers.hdh.sell.controller.WechatController.qrUserInfo(java.lang.String,java.lang.String)
Mapped "{[/weixin/auth],methods=[GET]}" onto public void pers.hdh.sell.controller.WeixinController.auth(java.lang.String)
Mapped "{[/error]}" onto public org.springframework.http.ResponseEntity<java.util.Map<java.lang.String, java.lang.Object>> org.springframework.boot.autoconfigure.web.BasicErrorController.error(javax.servlet.http.HttpServletRequest)
Mapped "{[/error],produces=[text/html]}" onto public org.springframework.web.servlet.ModelAndView org.springframework.boot.autoconfigure.web.BasicErrorController.errorHtml(javax.servlet.http.HttpServletRequest,javax.servlet.http.HttpServletResponse)
Mapped URL path [/webjars/**] onto handler of type [class org.springframework.web.servlet.resource.ResourceHttpRequestHandler]
Mapped URL path [/**] onto handler of type [class org.springframework.web.servlet.resource.ResourceHttpRequestHandler]
Detected @ExceptionHandler methods in sellExceptionHandler
Mapped URL path [/**/favicon.ico] onto handler of type [class org.springframework.web.servlet.resource.ResourceHttpRequestHandler]
ClassTemplateLoader for Spring macros added to FreeMarker configuration
Registering beans for JMX exposure on startup
Initializing ProtocolHandler ["http-nio-8080"]
Starting ProtocolHandler ["http-nio-8080"]
Using a shared selector for servlet write/read
Tomcat started on port(s): 8080 (http)
Started SellApplication in 5.654 seconds (JVM running for 6.488)
Initializing Spring FrameworkServlet 'dispatcherServlet'
FrameworkServlet 'dispatcherServlet': initialization started
FrameworkServlet 'dispatcherServlet': initialization completed in 33 ms
@skill request, productId:aId
@skill request, productId:aId
@skill request, productId:aId
@skill request, productId:aId
@skill request, productId:aId
@skill request, productId:aId
@skill request, productId:aId
@skill request, productId:aId
@skill request, productId:aId
@skill request, productId:aId
@skill request, productId:aId
@skill request, productId:aId
@skill request, productId:aId
@skill request, productId:aId
@skill request, productId:aId
@skill request, productId:aId
@skill request, productId:aId
@skill request, productId:aId
@skill request, productId:aId
@skill request, productId:aId
@skill request, productId:aId
@skill request, productId:aId
@skill request, productId:aId
@skill request, productId:aId
@skill request, productId:aId
@skill request, productId:aId
@skill request, productId:aId
@skill request, productId:aId
@skill request, productId:aId
@skill request, productId:aId
@skill request, productId:aId
@skill request, productId:aId
@skill request, productId:aId
@skill request, productId:aId
@skill request, productId:aId
@skill request, productId:aId
@skill request, productId:aId
@skill request, productId:aId
@skill request, productId:aId
@skill request, productId:aId
@skill request, productId:aId
@skill request, productId:aId
@skill request, productId:aId
@skill request, productId:aId
@skill request, productId:aId
@skill request, productId:aId
@skill request, productId:aId
@skill request, productId:aId
@skill request, productId:aId
@skill request, productId:aId
@skill request, productId:aId
@skill request, productId:aId
@skill request, productId:aId
@skill request, productId:aId
@skill request, productId:aId
@skill request, productId:aId
@skill request, productId:aId
@skill request, productId:aId
@skill request, productId:aId
@skill request, productId:aId
@skill request, productId:aId
@skill request, productId:aId
@skill request, productId:aId
@skill request, productId:aId
@skill request, productId:aId
@skill request, productId:aId
@skill request, productId:aId
@skill request, productId:aId
@skill request, productId:aId
Starting SellApplication on LAPTOP-0GL3T8P4 with PID 18480 (F:\repository_git\sell\target\classes started by Lenovo in F:\repository_git\sell)
No active profile set, falling back to default profiles: default
Refreshing org.springframework.boot.context.embedded.AnnotationConfigEmbeddedWebApplicationContext@d35dea7: startup date [Fri Apr 13 14:36:48 CST 2018]; root of context hierarchy
HV000001: Hibernate Validator 5.3.5.Final
Multiple Spring Data modules found, entering strict repository configuration mode!
Multiple Spring Data modules found, entering strict repository configuration mode!
Spring Data Redis - Could not safely identify store assignment for repository candidate interface pers.hdh.sell.dao.ProductCategoryRepository.
Spring Data Redis - Could not safely identify store assignment for repository candidate interface pers.hdh.sell.dao.SellerInfoRepository.
Spring Data Redis - Could not safely identify store assignment for repository candidate interface pers.hdh.sell.dao.ProductInfoRepository.
Spring Data Redis - Could not safely identify store assignment for repository candidate interface pers.hdh.sell.dao.OrderMasterRepository.
Spring Data Redis - Could not safely identify store assignment for repository candidate interface pers.hdh.sell.dao.OrderDetailRepository.
JSR-330 'javax.inject.Inject' annotation found and supported for autowiring
Tomcat initialized with port(s): 8080 (http)
Starting service Tomcat
Starting Servlet Engine: Apache Tomcat/8.5.14
Initializing Spring embedded WebApplicationContext
Root WebApplicationContext: initialization completed in 1808 ms
Mapping servlet: 'dispatcherServlet' to [/]
Mapping filter: 'characterEncodingFilter' to: [/*]
Mapping filter: 'hiddenHttpMethodFilter' to: [/*]
Mapping filter: 'httpPutFormContentFilter' to: [/*]
Mapping filter: 'requestContextFilter' to: [/*]
Building JPA container EntityManagerFactory for persistence unit 'default'
HHH000204: Processing PersistenceUnitInfo [
	name: default
	...]
HHH000412: Hibernate Core {5.0.12.Final}
HHH000206: hibernate.properties not found
HHH000021: Bytecode provider name : javassist
HCANN000001: Hibernate Commons Annotations {5.0.1.Final}
HHH000400: Using dialect: org.hibernate.dialect.MySQL5Dialect
Initialized JPA EntityManagerFactory for persistence unit 'default'
Looking for @ControllerAdvice: org.springframework.boot.context.embedded.AnnotationConfigEmbeddedWebApplicationContext@d35dea7: startup date [Fri Apr 13 14:36:48 CST 2018]; root of context hierarchy
Mapped "{[/buyer/order/create],methods=[POST]}" onto public pers.hdh.sell.vo.ResultVo<java.util.Map<java.lang.String, java.lang.String>> pers.hdh.sell.controller.BuyerOrderController.create(pers.hdh.sell.form.OrderForm,org.springframework.validation.BindingResult)
Mapped "{[/buyer/order/list],methods=[GET]}" onto public pers.hdh.sell.vo.ResultVo<java.util.List<pers.hdh.sell.dto.OrderDto>> pers.hdh.sell.controller.BuyerOrderController.list(java.lang.String,java.lang.Integer,java.lang.Integer)
Mapped "{[/buyer/order/cancel],methods=[POST]}" onto public pers.hdh.sell.vo.ResultVo pers.hdh.sell.controller.BuyerOrderController.cancel(java.lang.String,java.lang.String)
Mapped "{[/buyer/order/detail],methods=[GET]}" onto public pers.hdh.sell.vo.ResultVo<pers.hdh.sell.dto.OrderDto> pers.hdh.sell.controller.BuyerOrderController.detail(java.lang.String,java.lang.String)
Mapped "{[/buyer/product/list],methods=[GET]}" onto public pers.hdh.sell.vo.ResultVo pers.hdh.sell.controller.BuyerProductController.list()
Mapped "{[/pay/notify],methods=[POST]}" onto public org.springframework.web.servlet.ModelAndView pers.hdh.sell.controller.PayController.notify(java.lang.String)
Mapped "{[/pay/create],methods=[GET]}" onto public org.springframework.web.servlet.ModelAndView pers.hdh.sell.controller.PayController.create(java.lang.String,java.lang.String,java.util.Map<java.lang.String, java.lang.Object>)
Mapped "{[/skill/query/{productId}],methods=[GET]}" onto public java.lang.String pers.hdh.sell.controller.SecKillController.query(java.lang.String) throws java.lang.Exception
Mapped "{[/skill/order/{productId}],methods=[GET]}" onto public java.lang.String pers.hdh.sell.controller.SecKillController.skill(java.lang.String) throws java.lang.Exception
Mapped "{[/seller/category/index],methods=[GET]}" onto public org.springframework.web.servlet.ModelAndView pers.hdh.sell.controller.SellerCategoryController.index(java.lang.Integer,java.util.Map<java.lang.String, java.lang.Object>)
Mapped "{[/seller/category/list],methods=[GET]}" onto public org.springframework.web.servlet.ModelAndView pers.hdh.sell.controller.SellerCategoryController.list(java.util.Map<java.lang.String, java.lang.Object>)
Mapped "{[/seller/category/save],methods=[POST]}" onto public org.springframework.web.servlet.ModelAndView pers.hdh.sell.controller.SellerCategoryController.save(pers.hdh.sell.form.CategoryForm,org.springframework.validation.BindingResult,java.util.Map<java.lang.String, java.lang.Object>)
Mapped "{[/seller/order/list],methods=[GET]}" onto public org.springframework.web.servlet.ModelAndView pers.hdh.sell.controller.SellerOrderController.list(java.lang.Integer,java.lang.Integer,java.util.Map<java.lang.String, java.lang.Object>)
Mapped "{[/seller/order/cancel],methods=[GET]}" onto public org.springframework.web.servlet.ModelAndView pers.hdh.sell.controller.SellerOrderController.cancel(java.lang.String,java.util.Map<java.lang.String, java.lang.Object>)
Mapped "{[/seller/order/detail],methods=[GET]}" onto public org.springframework.web.servlet.ModelAndView pers.hdh.sell.controller.SellerOrderController.detail(java.lang.String,java.util.Map<java.lang.String, java.lang.Object>)
Mapped "{[/seller/order/finish],methods=[GET]}" onto public org.springframework.web.servlet.ModelAndView pers.hdh.sell.controller.SellerOrderController.finish(java.lang.String,java.util.Map<java.lang.String, java.lang.Object>)
Mapped "{[/seller/product/index],methods=[GET]}" onto public org.springframework.web.servlet.ModelAndView pers.hdh.sell.controller.SellerProductController.index(java.lang.String,java.util.Map<java.lang.String, java.lang.Object>)
Mapped "{[/seller/product/list],methods=[GET]}" onto public org.springframework.web.servlet.ModelAndView pers.hdh.sell.controller.SellerProductController.list(java.lang.Integer,java.lang.Integer,java.util.Map<java.lang.String, java.lang.Object>)
Mapped "{[/seller/product/save],methods=[POST]}" onto public org.springframework.web.servlet.ModelAndView pers.hdh.sell.controller.SellerProductController.save(pers.hdh.sell.form.ProductFrom,org.springframework.validation.BindingResult,java.util.Map<java.lang.String, java.lang.Object>)
Mapped "{[/seller/product/on_sale],methods=[GET]}" onto public org.springframework.web.servlet.ModelAndView pers.hdh.sell.controller.SellerProductController.onSale(java.lang.String,java.util.Map<java.lang.String, java.lang.Object>)
Mapped "{[/seller/product/off_sale],methods=[GET]}" onto public org.springframework.web.servlet.ModelAndView pers.hdh.sell.controller.SellerProductController.offSale(java.lang.String,java.util.Map<java.lang.String, java.lang.Object>)
Mapped "{[/seller/login],methods=[GET]}" onto public org.springframework.web.servlet.ModelAndView pers.hdh.sell.controller.SellerUserController.login(java.lang.String,java.util.Map<java.lang.String, java.lang.Object>,javax.servlet.http.HttpServletResponse)
Mapped "{[/seller/logout],methods=[GET]}" onto public org.springframework.web.servlet.ModelAndView pers.hdh.sell.controller.SellerUserController.logout(javax.servlet.http.HttpServletResponse,javax.servlet.http.HttpServletRequest,java.util.Map<java.lang.String, java.lang.Object>)
Mapped "{[/wechat/userInfo],methods=[GET]}" onto public java.lang.String pers.hdh.sell.controller.WechatController.userInfo(java.lang.String,java.lang.String)
Mapped "{[/wechat/authorize],methods=[GET]}" onto public java.lang.String pers.hdh.sell.controller.WechatController.authorize(java.lang.String)
Mapped "{[/wechat/qrAuthorize],methods=[GET]}" onto public java.lang.String pers.hdh.sell.controller.WechatController.qrAuthorize(java.lang.String)
Mapped "{[/wechat/qrUserInfo],methods=[GET]}" onto public java.lang.String pers.hdh.sell.controller.WechatController.qrUserInfo(java.lang.String,java.lang.String)
Mapped "{[/weixin/auth],methods=[GET]}" onto public void pers.hdh.sell.controller.WeixinController.auth(java.lang.String)
Mapped "{[/error]}" onto public org.springframework.http.ResponseEntity<java.util.Map<java.lang.String, java.lang.Object>> org.springframework.boot.autoconfigure.web.BasicErrorController.error(javax.servlet.http.HttpServletRequest)
Mapped "{[/error],produces=[text/html]}" onto public org.springframework.web.servlet.ModelAndView org.springframework.boot.autoconfigure.web.BasicErrorController.errorHtml(javax.servlet.http.HttpServletRequest,javax.servlet.http.HttpServletResponse)
Mapped URL path [/webjars/**] onto handler of type [class org.springframework.web.servlet.resource.ResourceHttpRequestHandler]
Mapped URL path [/**] onto handler of type [class org.springframework.web.servlet.resource.ResourceHttpRequestHandler]
Detected @ExceptionHandler methods in sellExceptionHandler
Mapped URL path [/**/favicon.ico] onto handler of type [class org.springframework.web.servlet.resource.ResourceHttpRequestHandler]
ClassTemplateLoader for Spring macros added to FreeMarker configuration
Registering beans for JMX exposure on startup
Initializing ProtocolHandler ["http-nio-8080"]
Starting ProtocolHandler ["http-nio-8080"]
Using a shared selector for servlet write/read
Tomcat started on port(s): 8080 (http)
Started SellApplication in 5.444 seconds (JVM running for 6.292)
Initializing Spring FrameworkServlet 'dispatcherServlet'
FrameworkServlet 'dispatcherServlet': initialization started
FrameworkServlet 'dispatcherServlet': initialization completed in 35 ms
@skill request, productId:aId
@skill request, productId:aId
@skill request, productId:aId
@skill request, productId:aId
@skill request, productId:aId
@skill request, productId:aId
@skill request, productId:aId
@skill request, productId:aId
@skill request, productId:aId
@skill request, productId:aId
@skill request, productId:aId
@skill request, productId:aId
@skill request, productId:aId
@skill request, productId:aId
@skill request, productId:aId
@skill request, productId:aId
@skill request, productId:aId
@skill request, productId:aId
@skill request, productId:aId
@skill request, productId:aId
@skill request, productId:aId
@skill request, productId:aId
@skill request, productId:aId
@skill request, productId:aId
@skill request, productId:aId
@skill request, productId:aId
@skill request, productId:aId
@skill request, productId:aId
@skill request, productId:aId
@skill request, productId:aId
@skill request, productId:aId
@skill request, productId:aId
@skill request, productId:aId
@skill request, productId:aId
@skill request, productId:aId
@skill request, productId:aId
@skill request, productId:aId
@skill request, productId:aId
@skill request, productId:aId
@skill request, productId:aId
@skill request, productId:aId
@skill request, productId:aId
@skill request, productId:aId
@skill request, productId:aId
@skill request, productId:aId
@skill request, productId:aId
@skill request, productId:aId
@skill request, productId:aId
@skill request, productId:aId
@skill request, productId:aId
@skill request, productId:aId
@skill request, productId:aId
@skill request, productId:aId
@skill request, productId:aId
@skill request, productId:aId
@skill request, productId:aId
@skill request, productId:aId
@skill request, productId:aId
@skill request, productId:aId
Starting SellApplication on LAPTOP-0GL3T8P4 with PID 2080 (F:\repository_git\sell\target\classes started by Lenovo in F:\repository_git\sell)
No active profile set, falling back to default profiles: default
Refreshing org.springframework.boot.context.embedded.AnnotationConfigEmbeddedWebApplicationContext@1b765a2c: startup date [Fri Apr 13 14:44:15 CST 2018]; root of context hierarchy
HV000001: Hibernate Validator 5.3.5.Final
Multiple Spring Data modules found, entering strict repository configuration mode!
Multiple Spring Data modules found, entering strict repository configuration mode!
Spring Data Redis - Could not safely identify store assignment for repository candidate interface pers.hdh.sell.dao.ProductCategoryRepository.
Spring Data Redis - Could not safely identify store assignment for repository candidate interface pers.hdh.sell.dao.SellerInfoRepository.
Spring Data Redis - Could not safely identify store assignment for repository candidate interface pers.hdh.sell.dao.ProductInfoRepository.
Spring Data Redis - Could not safely identify store assignment for repository candidate interface pers.hdh.sell.dao.OrderMasterRepository.
Spring Data Redis - Could not safely identify store assignment for repository candidate interface pers.hdh.sell.dao.OrderDetailRepository.
JSR-330 'javax.inject.Inject' annotation found and supported for autowiring
Tomcat initialized with port(s): 8080 (http)
Starting service Tomcat
Starting Servlet Engine: Apache Tomcat/8.5.14
Initializing Spring embedded WebApplicationContext
Root WebApplicationContext: initialization completed in 1939 ms
Mapping servlet: 'dispatcherServlet' to [/]
Mapping filter: 'characterEncodingFilter' to: [/*]
Mapping filter: 'hiddenHttpMethodFilter' to: [/*]
Mapping filter: 'httpPutFormContentFilter' to: [/*]
Mapping filter: 'requestContextFilter' to: [/*]
Building JPA container EntityManagerFactory for persistence unit 'default'
HHH000204: Processing PersistenceUnitInfo [
	name: default
	...]
HHH000412: Hibernate Core {5.0.12.Final}
HHH000206: hibernate.properties not found
HHH000021: Bytecode provider name : javassist
HCANN000001: Hibernate Commons Annotations {5.0.1.Final}
HHH000400: Using dialect: org.hibernate.dialect.MySQL5Dialect
Initialized JPA EntityManagerFactory for persistence unit 'default'
Looking for @ControllerAdvice: org.springframework.boot.context.embedded.AnnotationConfigEmbeddedWebApplicationContext@1b765a2c: startup date [Fri Apr 13 14:44:15 CST 2018]; root of context hierarchy
Mapped "{[/buyer/order/create],methods=[POST]}" onto public pers.hdh.sell.vo.ResultVo<java.util.Map<java.lang.String, java.lang.String>> pers.hdh.sell.controller.BuyerOrderController.create(pers.hdh.sell.form.OrderForm,org.springframework.validation.BindingResult)
Mapped "{[/buyer/order/list],methods=[GET]}" onto public pers.hdh.sell.vo.ResultVo<java.util.List<pers.hdh.sell.dto.OrderDto>> pers.hdh.sell.controller.BuyerOrderController.list(java.lang.String,java.lang.Integer,java.lang.Integer)
Mapped "{[/buyer/order/cancel],methods=[POST]}" onto public pers.hdh.sell.vo.ResultVo pers.hdh.sell.controller.BuyerOrderController.cancel(java.lang.String,java.lang.String)
Mapped "{[/buyer/order/detail],methods=[GET]}" onto public pers.hdh.sell.vo.ResultVo<pers.hdh.sell.dto.OrderDto> pers.hdh.sell.controller.BuyerOrderController.detail(java.lang.String,java.lang.String)
Mapped "{[/buyer/product/list],methods=[GET]}" onto public pers.hdh.sell.vo.ResultVo pers.hdh.sell.controller.BuyerProductController.list()
Mapped "{[/pay/notify],methods=[POST]}" onto public org.springframework.web.servlet.ModelAndView pers.hdh.sell.controller.PayController.notify(java.lang.String)
Mapped "{[/pay/create],methods=[GET]}" onto public org.springframework.web.servlet.ModelAndView pers.hdh.sell.controller.PayController.create(java.lang.String,java.lang.String,java.util.Map<java.lang.String, java.lang.Object>)
Mapped "{[/skill/query/{productId}],methods=[GET]}" onto public java.lang.String pers.hdh.sell.controller.SecKillController.query(java.lang.String) throws java.lang.Exception
Mapped "{[/skill/order/{productId}],methods=[GET]}" onto public java.lang.String pers.hdh.sell.controller.SecKillController.skill(java.lang.String) throws java.lang.Exception
Mapped "{[/seller/category/index],methods=[GET]}" onto public org.springframework.web.servlet.ModelAndView pers.hdh.sell.controller.SellerCategoryController.index(java.lang.Integer,java.util.Map<java.lang.String, java.lang.Object>)
Mapped "{[/seller/category/list],methods=[GET]}" onto public org.springframework.web.servlet.ModelAndView pers.hdh.sell.controller.SellerCategoryController.list(java.util.Map<java.lang.String, java.lang.Object>)
Mapped "{[/seller/category/save],methods=[POST]}" onto public org.springframework.web.servlet.ModelAndView pers.hdh.sell.controller.SellerCategoryController.save(pers.hdh.sell.form.CategoryForm,org.springframework.validation.BindingResult,java.util.Map<java.lang.String, java.lang.Object>)
Mapped "{[/seller/order/list],methods=[GET]}" onto public org.springframework.web.servlet.ModelAndView pers.hdh.sell.controller.SellerOrderController.list(java.lang.Integer,java.lang.Integer,java.util.Map<java.lang.String, java.lang.Object>)
Mapped "{[/seller/order/cancel],methods=[GET]}" onto public org.springframework.web.servlet.ModelAndView pers.hdh.sell.controller.SellerOrderController.cancel(java.lang.String,java.util.Map<java.lang.String, java.lang.Object>)
Mapped "{[/seller/order/detail],methods=[GET]}" onto public org.springframework.web.servlet.ModelAndView pers.hdh.sell.controller.SellerOrderController.detail(java.lang.String,java.util.Map<java.lang.String, java.lang.Object>)
Mapped "{[/seller/order/finish],methods=[GET]}" onto public org.springframework.web.servlet.ModelAndView pers.hdh.sell.controller.SellerOrderController.finish(java.lang.String,java.util.Map<java.lang.String, java.lang.Object>)
Mapped "{[/seller/product/index],methods=[GET]}" onto public org.springframework.web.servlet.ModelAndView pers.hdh.sell.controller.SellerProductController.index(java.lang.String,java.util.Map<java.lang.String, java.lang.Object>)
Mapped "{[/seller/product/list],methods=[GET]}" onto public org.springframework.web.servlet.ModelAndView pers.hdh.sell.controller.SellerProductController.list(java.lang.Integer,java.lang.Integer,java.util.Map<java.lang.String, java.lang.Object>)
Mapped "{[/seller/product/save],methods=[POST]}" onto public org.springframework.web.servlet.ModelAndView pers.hdh.sell.controller.SellerProductController.save(pers.hdh.sell.form.ProductFrom,org.springframework.validation.BindingResult,java.util.Map<java.lang.String, java.lang.Object>)
Mapped "{[/seller/product/off_sale],methods=[GET]}" onto public org.springframework.web.servlet.ModelAndView pers.hdh.sell.controller.SellerProductController.offSale(java.lang.String,java.util.Map<java.lang.String, java.lang.Object>)
Mapped "{[/seller/product/on_sale],methods=[GET]}" onto public org.springframework.web.servlet.ModelAndView pers.hdh.sell.controller.SellerProductController.onSale(java.lang.String,java.util.Map<java.lang.String, java.lang.Object>)
Mapped "{[/seller/logout],methods=[GET]}" onto public org.springframework.web.servlet.ModelAndView pers.hdh.sell.controller.SellerUserController.logout(javax.servlet.http.HttpServletResponse,javax.servlet.http.HttpServletRequest,java.util.Map<java.lang.String, java.lang.Object>)
Mapped "{[/seller/login],methods=[GET]}" onto public org.springframework.web.servlet.ModelAndView pers.hdh.sell.controller.SellerUserController.login(java.lang.String,java.util.Map<java.lang.String, java.lang.Object>,javax.servlet.http.HttpServletResponse)
Mapped "{[/wechat/userInfo],methods=[GET]}" onto public java.lang.String pers.hdh.sell.controller.WechatController.userInfo(java.lang.String,java.lang.String)
Mapped "{[/wechat/qrAuthorize],methods=[GET]}" onto public java.lang.String pers.hdh.sell.controller.WechatController.qrAuthorize(java.lang.String)
Mapped "{[/wechat/qrUserInfo],methods=[GET]}" onto public java.lang.String pers.hdh.sell.controller.WechatController.qrUserInfo(java.lang.String,java.lang.String)
Mapped "{[/wechat/authorize],methods=[GET]}" onto public java.lang.String pers.hdh.sell.controller.WechatController.authorize(java.lang.String)
Mapped "{[/weixin/auth],methods=[GET]}" onto public void pers.hdh.sell.controller.WeixinController.auth(java.lang.String)
Mapped "{[/error]}" onto public org.springframework.http.ResponseEntity<java.util.Map<java.lang.String, java.lang.Object>> org.springframework.boot.autoconfigure.web.BasicErrorController.error(javax.servlet.http.HttpServletRequest)
Mapped "{[/error],produces=[text/html]}" onto public org.springframework.web.servlet.ModelAndView org.springframework.boot.autoconfigure.web.BasicErrorController.errorHtml(javax.servlet.http.HttpServletRequest,javax.servlet.http.HttpServletResponse)
Mapped URL path [/webjars/**] onto handler of type [class org.springframework.web.servlet.resource.ResourceHttpRequestHandler]
Mapped URL path [/**] onto handler of type [class org.springframework.web.servlet.resource.ResourceHttpRequestHandler]
Detected @ExceptionHandler methods in sellExceptionHandler
Mapped URL path [/**/favicon.ico] onto handler of type [class org.springframework.web.servlet.resource.ResourceHttpRequestHandler]
ClassTemplateLoader for Spring macros added to FreeMarker configuration
Registering beans for JMX exposure on startup
Initializing ProtocolHandler ["http-nio-8080"]
Starting ProtocolHandler ["http-nio-8080"]
Using a shared selector for servlet write/read
Tomcat started on port(s): 8080 (http)
Started SellApplication in 6.474 seconds (JVM running for 8.142)
Initializing Spring FrameworkServlet 'dispatcherServlet'
FrameworkServlet 'dispatcherServlet': initialization started
FrameworkServlet 'dispatcherServlet': initialization completed in 60 ms
@skill request, productId:aId
@skill request, productId:aId
@skill request, productId:aId
@skill request, productId:aId
@skill request, productId:aId
@skill request, productId:aId
@skill request, productId:aId
@skill request, productId:aId
@skill request, productId:aId
@skill request, productId:aId
@skill request, productId:aId
@skill request, productId:aId
@skill request, productId:aId
@skill request, productId:aId
@skill request, productId:aId
@skill request, productId:aId
@skill request, productId:aId
@skill request, productId:aId
@skill request, productId:aId
@skill request, productId:aId
@skill request, productId:aId
@skill request, productId:aId
@skill request, productId:aId
@skill request, productId:aId
@skill request, productId:aId
@skill request, productId:aId
@skill request, productId:aId
@skill request, productId:aId
@skill request, productId:aId
@skill request, productId:aId
@skill request, productId:aId
@skill request, productId:aId
@skill request, productId:aId
@skill request, productId:aId
@skill request, productId:aId
@skill request, productId:aId
@skill request, productId:aId
@skill request, productId:aId
@skill request, productId:aId
@skill request, productId:aId
@skill request, productId:aId
@skill request, productId:aId
@skill request, productId:aId
@skill request, productId:aId
@skill request, productId:aId
@skill request, productId:aId
@skill request, productId:aId
@skill request, productId:aId
@skill request, productId:aId
@skill request, productId:aId
@skill request, productId:aId
@skill request, productId:aId
@skill request, productId:aId
@skill request, productId:aId
@skill request, productId:aId
@skill request, productId:aId
@skill request, productId:aId
@skill request, productId:aId
@skill request, productId:aId
@skill request, productId:aId
Starting SellApplication on LAPTOP-0GL3T8P4 with PID 6860 (F:\repository_git\sell\target\classes started by Lenovo in F:\repository_git\sell)
No active profile set, falling back to default profiles: default
Refreshing org.springframework.boot.context.embedded.AnnotationConfigEmbeddedWebApplicationContext@22d7b4f8: startup date [Fri Apr 13 15:10:49 CST 2018]; root of context hierarchy
HV000001: Hibernate Validator 5.3.5.Final
Multiple Spring Data modules found, entering strict repository configuration mode!
Multiple Spring Data modules found, entering strict repository configuration mode!
Spring Data Redis - Could not safely identify store assignment for repository candidate interface pers.hdh.sell.dao.ProductCategoryRepository.
Spring Data Redis - Could not safely identify store assignment for repository candidate interface pers.hdh.sell.dao.SellerInfoRepository.
Spring Data Redis - Could not safely identify store assignment for repository candidate interface pers.hdh.sell.dao.ProductInfoRepository.
Spring Data Redis - Could not safely identify store assignment for repository candidate interface pers.hdh.sell.dao.OrderMasterRepository.
Spring Data Redis - Could not safely identify store assignment for repository candidate interface pers.hdh.sell.dao.OrderDetailRepository.
JSR-330 'javax.inject.Inject' annotation found and supported for autowiring
Tomcat initialized with port(s): 8080 (http)
Starting service Tomcat
Starting Servlet Engine: Apache Tomcat/8.5.14
Initializing Spring embedded WebApplicationContext
Root WebApplicationContext: initialization completed in 2189 ms
Mapping servlet: 'dispatcherServlet' to [/]
Mapping filter: 'characterEncodingFilter' to: [/*]
Mapping filter: 'hiddenHttpMethodFilter' to: [/*]
Mapping filter: 'httpPutFormContentFilter' to: [/*]
Mapping filter: 'requestContextFilter' to: [/*]
Building JPA container EntityManagerFactory for persistence unit 'default'
HHH000204: Processing PersistenceUnitInfo [
	name: default
	...]
HHH000412: Hibernate Core {5.0.12.Final}
HHH000206: hibernate.properties not found
HHH000021: Bytecode provider name : javassist
HCANN000001: Hibernate Commons Annotations {5.0.1.Final}
HHH000400: Using dialect: org.hibernate.dialect.MySQL5Dialect
Initialized JPA EntityManagerFactory for persistence unit 'default'
Looking for @ControllerAdvice: org.springframework.boot.context.embedded.AnnotationConfigEmbeddedWebApplicationContext@22d7b4f8: startup date [Fri Apr 13 15:10:49 CST 2018]; root of context hierarchy
Mapped "{[/buyer/order/create],methods=[POST]}" onto public pers.hdh.sell.vo.ResultVo<java.util.Map<java.lang.String, java.lang.String>> pers.hdh.sell.controller.BuyerOrderController.create(pers.hdh.sell.form.OrderForm,org.springframework.validation.BindingResult)
Mapped "{[/buyer/order/list],methods=[GET]}" onto public pers.hdh.sell.vo.ResultVo<java.util.List<pers.hdh.sell.dto.OrderDto>> pers.hdh.sell.controller.BuyerOrderController.list(java.lang.String,java.lang.Integer,java.lang.Integer)
Mapped "{[/buyer/order/cancel],methods=[POST]}" onto public pers.hdh.sell.vo.ResultVo pers.hdh.sell.controller.BuyerOrderController.cancel(java.lang.String,java.lang.String)
Mapped "{[/buyer/order/detail],methods=[GET]}" onto public pers.hdh.sell.vo.ResultVo<pers.hdh.sell.dto.OrderDto> pers.hdh.sell.controller.BuyerOrderController.detail(java.lang.String,java.lang.String)
Mapped "{[/buyer/product/list],methods=[GET]}" onto public pers.hdh.sell.vo.ResultVo pers.hdh.sell.controller.BuyerProductController.list()
Mapped "{[/pay/notify],methods=[POST]}" onto public org.springframework.web.servlet.ModelAndView pers.hdh.sell.controller.PayController.notify(java.lang.String)
Mapped "{[/pay/create],methods=[GET]}" onto public org.springframework.web.servlet.ModelAndView pers.hdh.sell.controller.PayController.create(java.lang.String,java.lang.String,java.util.Map<java.lang.String, java.lang.Object>)
Mapped "{[/skill/query/{productId}],methods=[GET]}" onto public java.lang.String pers.hdh.sell.controller.SecKillController.query(java.lang.String) throws java.lang.Exception
Mapped "{[/skill/order/{productId}],methods=[GET]}" onto public java.lang.String pers.hdh.sell.controller.SecKillController.skill(java.lang.String) throws java.lang.Exception
Mapped "{[/seller/category/index],methods=[GET]}" onto public org.springframework.web.servlet.ModelAndView pers.hdh.sell.controller.SellerCategoryController.index(java.lang.Integer,java.util.Map<java.lang.String, java.lang.Object>)
Mapped "{[/seller/category/list],methods=[GET]}" onto public org.springframework.web.servlet.ModelAndView pers.hdh.sell.controller.SellerCategoryController.list(java.util.Map<java.lang.String, java.lang.Object>)
Mapped "{[/seller/category/save],methods=[POST]}" onto public org.springframework.web.servlet.ModelAndView pers.hdh.sell.controller.SellerCategoryController.save(pers.hdh.sell.form.CategoryForm,org.springframework.validation.BindingResult,java.util.Map<java.lang.String, java.lang.Object>)
Mapped "{[/seller/order/list],methods=[GET]}" onto public org.springframework.web.servlet.ModelAndView pers.hdh.sell.controller.SellerOrderController.list(java.lang.Integer,java.lang.Integer,java.util.Map<java.lang.String, java.lang.Object>)
Mapped "{[/seller/order/cancel],methods=[GET]}" onto public org.springframework.web.servlet.ModelAndView pers.hdh.sell.controller.SellerOrderController.cancel(java.lang.String,java.util.Map<java.lang.String, java.lang.Object>)
Mapped "{[/seller/order/detail],methods=[GET]}" onto public org.springframework.web.servlet.ModelAndView pers.hdh.sell.controller.SellerOrderController.detail(java.lang.String,java.util.Map<java.lang.String, java.lang.Object>)
Mapped "{[/seller/order/finish],methods=[GET]}" onto public org.springframework.web.servlet.ModelAndView pers.hdh.sell.controller.SellerOrderController.finish(java.lang.String,java.util.Map<java.lang.String, java.lang.Object>)
Mapped "{[/seller/product/index],methods=[GET]}" onto public org.springframework.web.servlet.ModelAndView pers.hdh.sell.controller.SellerProductController.index(java.lang.String,java.util.Map<java.lang.String, java.lang.Object>)
Mapped "{[/seller/product/list],methods=[GET]}" onto public org.springframework.web.servlet.ModelAndView pers.hdh.sell.controller.SellerProductController.list(java.lang.Integer,java.lang.Integer,java.util.Map<java.lang.String, java.lang.Object>)
Mapped "{[/seller/product/save],methods=[POST]}" onto public org.springframework.web.servlet.ModelAndView pers.hdh.sell.controller.SellerProductController.save(pers.hdh.sell.form.ProductFrom,org.springframework.validation.BindingResult,java.util.Map<java.lang.String, java.lang.Object>)
Mapped "{[/seller/product/on_sale],methods=[GET]}" onto public org.springframework.web.servlet.ModelAndView pers.hdh.sell.controller.SellerProductController.onSale(java.lang.String,java.util.Map<java.lang.String, java.lang.Object>)
Mapped "{[/seller/product/off_sale],methods=[GET]}" onto public org.springframework.web.servlet.ModelAndView pers.hdh.sell.controller.SellerProductController.offSale(java.lang.String,java.util.Map<java.lang.String, java.lang.Object>)
Mapped "{[/seller/login],methods=[GET]}" onto public org.springframework.web.servlet.ModelAndView pers.hdh.sell.controller.SellerUserController.login(java.lang.String,java.util.Map<java.lang.String, java.lang.Object>,javax.servlet.http.HttpServletResponse)
Mapped "{[/seller/logout],methods=[GET]}" onto public org.springframework.web.servlet.ModelAndView pers.hdh.sell.controller.SellerUserController.logout(javax.servlet.http.HttpServletResponse,javax.servlet.http.HttpServletRequest,java.util.Map<java.lang.String, java.lang.Object>)
Mapped "{[/wechat/userInfo],methods=[GET]}" onto public java.lang.String pers.hdh.sell.controller.WechatController.userInfo(java.lang.String,java.lang.String)
Mapped "{[/wechat/qrUserInfo],methods=[GET]}" onto public java.lang.String pers.hdh.sell.controller.WechatController.qrUserInfo(java.lang.String,java.lang.String)
Mapped "{[/wechat/qrAuthorize],methods=[GET]}" onto public java.lang.String pers.hdh.sell.controller.WechatController.qrAuthorize(java.lang.String)
Mapped "{[/wechat/authorize],methods=[GET]}" onto public java.lang.String pers.hdh.sell.controller.WechatController.authorize(java.lang.String)
Mapped "{[/weixin/auth],methods=[GET]}" onto public void pers.hdh.sell.controller.WeixinController.auth(java.lang.String)
Mapped "{[/error]}" onto public org.springframework.http.ResponseEntity<java.util.Map<java.lang.String, java.lang.Object>> org.springframework.boot.autoconfigure.web.BasicErrorController.error(javax.servlet.http.HttpServletRequest)
Mapped "{[/error],produces=[text/html]}" onto public org.springframework.web.servlet.ModelAndView org.springframework.boot.autoconfigure.web.BasicErrorController.errorHtml(javax.servlet.http.HttpServletRequest,javax.servlet.http.HttpServletResponse)
Mapped URL path [/webjars/**] onto handler of type [class org.springframework.web.servlet.resource.ResourceHttpRequestHandler]
Mapped URL path [/**] onto handler of type [class org.springframework.web.servlet.resource.ResourceHttpRequestHandler]
Detected @ExceptionHandler methods in sellExceptionHandler
Mapped URL path [/**/favicon.ico] onto handler of type [class org.springframework.web.servlet.resource.ResourceHttpRequestHandler]
ClassTemplateLoader for Spring macros added to FreeMarker configuration
Registering beans for JMX exposure on startup
Initializing ProtocolHandler ["http-nio-8080"]
Starting ProtocolHandler ["http-nio-8080"]
Using a shared selector for servlet write/read
Tomcat started on port(s): 8080 (http)
Started SellApplication in 6.791 seconds (JVM running for 7.942)
Initializing Spring FrameworkServlet 'dispatcherServlet'
FrameworkServlet 'dispatcherServlet': initialization started
FrameworkServlet 'dispatcherServlet': initialization completed in 43 ms
HHH000397: Using ASTQueryTranslatorFactory
 Cookietoken
Starting SellApplication on LAPTOP-0GL3T8P4 with PID 11036 (F:\repository_git\sell\target\classes started by Lenovo in F:\repository_git\sell)
The following profiles are active: dev
Refreshing org.springframework.boot.context.embedded.AnnotationConfigEmbeddedWebApplicationContext@79d8407f: startup date [Fri Apr 13 16:04:42 CST 2018]; root of context hierarchy
HV000001: Hibernate Validator 5.3.5.Final
Multiple Spring Data modules found, entering strict repository configuration mode!
Multiple Spring Data modules found, entering strict repository configuration mode!
Spring Data Redis - Could not safely identify store assignment for repository candidate interface pers.hdh.sell.dao.ProductCategoryRepository.
Spring Data Redis - Could not safely identify store assignment for repository candidate interface pers.hdh.sell.dao.SellerInfoRepository.
Spring Data Redis - Could not safely identify store assignment for repository candidate interface pers.hdh.sell.dao.ProductInfoRepository.
Spring Data Redis - Could not safely identify store assignment for repository candidate interface pers.hdh.sell.dao.OrderMasterRepository.
Spring Data Redis - Could not safely identify store assignment for repository candidate interface pers.hdh.sell.dao.OrderDetailRepository.
JSR-330 'javax.inject.Inject' annotation found and supported for autowiring
Tomcat initialized with port(s): 8080 (http)
Starting service Tomcat
Starting Servlet Engine: Apache Tomcat/8.5.14
Initializing Spring embedded WebApplicationContext
Root WebApplicationContext: initialization completed in 1882 ms
Mapping servlet: 'dispatcherServlet' to [/]
Mapping filter: 'characterEncodingFilter' to: [/*]
Mapping filter: 'hiddenHttpMethodFilter' to: [/*]
Mapping filter: 'httpPutFormContentFilter' to: [/*]
Mapping filter: 'requestContextFilter' to: [/*]
Building JPA container EntityManagerFactory for persistence unit 'default'
HHH000204: Processing PersistenceUnitInfo [
	name: default
	...]
HHH000412: Hibernate Core {5.0.12.Final}
HHH000206: hibernate.properties not found
HHH000021: Bytecode provider name : javassist
HCANN000001: Hibernate Commons Annotations {5.0.1.Final}
HHH000400: Using dialect: org.hibernate.dialect.MySQL5Dialect
Initialized JPA EntityManagerFactory for persistence unit 'default'
Looking for @ControllerAdvice: org.springframework.boot.context.embedded.AnnotationConfigEmbeddedWebApplicationContext@79d8407f: startup date [Fri Apr 13 16:04:42 CST 2018]; root of context hierarchy
Mapped "{[/buyer/order/create],methods=[POST]}" onto public pers.hdh.sell.vo.ResultVo<java.util.Map<java.lang.String, java.lang.String>> pers.hdh.sell.controller.BuyerOrderController.create(pers.hdh.sell.form.OrderForm,org.springframework.validation.BindingResult)
Mapped "{[/buyer/order/list],methods=[GET]}" onto public pers.hdh.sell.vo.ResultVo<java.util.List<pers.hdh.sell.dto.OrderDto>> pers.hdh.sell.controller.BuyerOrderController.list(java.lang.String,java.lang.Integer,java.lang.Integer)
Mapped "{[/buyer/order/cancel],methods=[POST]}" onto public pers.hdh.sell.vo.ResultVo pers.hdh.sell.controller.BuyerOrderController.cancel(java.lang.String,java.lang.String)
Mapped "{[/buyer/order/detail],methods=[GET]}" onto public pers.hdh.sell.vo.ResultVo<pers.hdh.sell.dto.OrderDto> pers.hdh.sell.controller.BuyerOrderController.detail(java.lang.String,java.lang.String)
Mapped "{[/buyer/product/list],methods=[GET]}" onto public pers.hdh.sell.vo.ResultVo pers.hdh.sell.controller.BuyerProductController.list()
Mapped "{[/pay/notify],methods=[POST]}" onto public org.springframework.web.servlet.ModelAndView pers.hdh.sell.controller.PayController.notify(java.lang.String)
Mapped "{[/pay/create],methods=[GET]}" onto public org.springframework.web.servlet.ModelAndView pers.hdh.sell.controller.PayController.create(java.lang.String,java.lang.String,java.util.Map<java.lang.String, java.lang.Object>)
Mapped "{[/skill/query/{productId}],methods=[GET]}" onto public java.lang.String pers.hdh.sell.controller.SecKillController.query(java.lang.String) throws java.lang.Exception
Mapped "{[/skill/order/{productId}],methods=[GET]}" onto public java.lang.String pers.hdh.sell.controller.SecKillController.skill(java.lang.String) throws java.lang.Exception
Mapped "{[/seller/category/index],methods=[GET]}" onto public org.springframework.web.servlet.ModelAndView pers.hdh.sell.controller.SellerCategoryController.index(java.lang.Integer,java.util.Map<java.lang.String, java.lang.Object>)
Mapped "{[/seller/category/list],methods=[GET]}" onto public org.springframework.web.servlet.ModelAndView pers.hdh.sell.controller.SellerCategoryController.list(java.util.Map<java.lang.String, java.lang.Object>)
Mapped "{[/seller/category/save],methods=[POST]}" onto public org.springframework.web.servlet.ModelAndView pers.hdh.sell.controller.SellerCategoryController.save(pers.hdh.sell.form.CategoryForm,org.springframework.validation.BindingResult,java.util.Map<java.lang.String, java.lang.Object>)
Mapped "{[/seller/order/list],methods=[GET]}" onto public org.springframework.web.servlet.ModelAndView pers.hdh.sell.controller.SellerOrderController.list(java.lang.Integer,java.lang.Integer,java.util.Map<java.lang.String, java.lang.Object>)
Mapped "{[/seller/order/finish],methods=[GET]}" onto public org.springframework.web.servlet.ModelAndView pers.hdh.sell.controller.SellerOrderController.finish(java.lang.String,java.util.Map<java.lang.String, java.lang.Object>)
Mapped "{[/seller/order/cancel],methods=[GET]}" onto public org.springframework.web.servlet.ModelAndView pers.hdh.sell.controller.SellerOrderController.cancel(java.lang.String,java.util.Map<java.lang.String, java.lang.Object>)
Mapped "{[/seller/order/detail],methods=[GET]}" onto public org.springframework.web.servlet.ModelAndView pers.hdh.sell.controller.SellerOrderController.detail(java.lang.String,java.util.Map<java.lang.String, java.lang.Object>)
Mapped "{[/seller/product/index],methods=[GET]}" onto public org.springframework.web.servlet.ModelAndView pers.hdh.sell.controller.SellerProductController.index(java.lang.String,java.util.Map<java.lang.String, java.lang.Object>)
Mapped "{[/seller/product/list],methods=[GET]}" onto public org.springframework.web.servlet.ModelAndView pers.hdh.sell.controller.SellerProductController.list(java.lang.Integer,java.lang.Integer,java.util.Map<java.lang.String, java.lang.Object>)
Mapped "{[/seller/product/save],methods=[POST]}" onto public org.springframework.web.servlet.ModelAndView pers.hdh.sell.controller.SellerProductController.save(pers.hdh.sell.form.ProductFrom,org.springframework.validation.BindingResult,java.util.Map<java.lang.String, java.lang.Object>)
Mapped "{[/seller/product/on_sale],methods=[GET]}" onto public org.springframework.web.servlet.ModelAndView pers.hdh.sell.controller.SellerProductController.onSale(java.lang.String,java.util.Map<java.lang.String, java.lang.Object>)
Mapped "{[/seller/product/off_sale],methods=[GET]}" onto public org.springframework.web.servlet.ModelAndView pers.hdh.sell.controller.SellerProductController.offSale(java.lang.String,java.util.Map<java.lang.String, java.lang.Object>)
Mapped "{[/seller/login],methods=[GET]}" onto public org.springframework.web.servlet.ModelAndView pers.hdh.sell.controller.SellerUserController.login(java.lang.String,java.util.Map<java.lang.String, java.lang.Object>,javax.servlet.http.HttpServletResponse)
Mapped "{[/seller/logout],methods=[GET]}" onto public org.springframework.web.servlet.ModelAndView pers.hdh.sell.controller.SellerUserController.logout(javax.servlet.http.HttpServletResponse,javax.servlet.http.HttpServletRequest,java.util.Map<java.lang.String, java.lang.Object>)
Mapped "{[/wechat/userInfo],methods=[GET]}" onto public java.lang.String pers.hdh.sell.controller.WechatController.userInfo(java.lang.String,java.lang.String)
Mapped "{[/wechat/authorize],methods=[GET]}" onto public java.lang.String pers.hdh.sell.controller.WechatController.authorize(java.lang.String)
Mapped "{[/wechat/qrAuthorize],methods=[GET]}" onto public java.lang.String pers.hdh.sell.controller.WechatController.qrAuthorize(java.lang.String)
Mapped "{[/wechat/qrUserInfo],methods=[GET]}" onto public java.lang.String pers.hdh.sell.controller.WechatController.qrUserInfo(java.lang.String,java.lang.String)
Mapped "{[/weixin/auth],methods=[GET]}" onto public void pers.hdh.sell.controller.WeixinController.auth(java.lang.String)
Mapped "{[/error]}" onto public org.springframework.http.ResponseEntity<java.util.Map<java.lang.String, java.lang.Object>> org.springframework.boot.autoconfigure.web.BasicErrorController.error(javax.servlet.http.HttpServletRequest)
Mapped "{[/error],produces=[text/html]}" onto public org.springframework.web.servlet.ModelAndView org.springframework.boot.autoconfigure.web.BasicErrorController.errorHtml(javax.servlet.http.HttpServletRequest,javax.servlet.http.HttpServletResponse)
Mapped URL path [/webjars/**] onto handler of type [class org.springframework.web.servlet.resource.ResourceHttpRequestHandler]
Mapped URL path [/**] onto handler of type [class org.springframework.web.servlet.resource.ResourceHttpRequestHandler]
Detected @ExceptionHandler methods in sellExceptionHandler
Mapped URL path [/**/favicon.ico] onto handler of type [class org.springframework.web.servlet.resource.ResourceHttpRequestHandler]
ClassTemplateLoader for Spring macros added to FreeMarker configuration
Registering @ServerEndpoint class: class pers.hdh.sell.service.WebSocket
Registering beans for JMX exposure on startup
Initializing ProtocolHandler ["http-nio-8080"]
Starting ProtocolHandler ["http-nio-8080"]
Using a shared selector for servlet write/read
Tomcat started on port(s): 8080 (http)
Started SellApplication in 5.585 seconds (JVM running for 6.394)
Initializing Spring FrameworkServlet 'dispatcherServlet'
FrameworkServlet 'dispatcherServlet': initialization started
FrameworkServlet 'dispatcherServlet': initialization completed in 33 ms
HHH000397: Using ASTQueryTranslatorFactory
websocket :1
